{"C:\\Users\\roche\\Desktop\\PROGRAMACION_ROCHE\\1. ITACADEMY\\SPRINT_3\\dist\\baby-steps.js": {"path":"C:\\Users\\roche\\Desktop\\PROGRAMACION_ROCHE\\1. ITACADEMY\\SPRINT_3\\dist\\baby-steps.js","statementMap":{"0":{"start":{"line":2,"column":0},"end":{"line":2,"column":62}},"1":{"start":{"line":3,"column":0},"end":{"line":3,"column":49}},"2":{"start":{"line":5,"column":18},"end":{"line":16,"column":1}},"3":{"start":{"line":6,"column":20},"end":{"line":6,"column":21}},"4":{"start":{"line":7,"column":4},"end":{"line":14,"column":5}},"5":{"start":{"line":7,"column":17},"end":{"line":7,"column":18}},"6":{"start":{"line":8,"column":8},"end":{"line":13,"column":9}},"7":{"start":{"line":9,"column":12},"end":{"line":11,"column":13}},"8":{"start":{"line":10,"column":16},"end":{"line":10,"column":61}},"9":{"start":{"line":12,"column":12},"end":{"line":12,"column":33}},"10":{"start":{"line":15,"column":4},"end":{"line":15,"column":21}},"11":{"start":{"line":17,"column":0},"end":{"line":17,"column":30}},"12":{"start":{"line":18,"column":20},"end":{"line":21,"column":1}},"13":{"start":{"line":20,"column":4},"end":{"line":20,"column":55}},"14":{"start":{"line":20,"column":38},"end":{"line":20,"column":53}},"15":{"start":{"line":22,"column":0},"end":{"line":22,"column":34}},"16":{"start":{"line":23,"column":13},"end":{"line":23,"column":51}},"17":{"start":{"line":24,"column":0},"end":{"line":24,"column":45}}},"fnMap":{"0":{"name":"(anonymous_0)","decl":{"start":{"line":5,"column":18},"end":{"line":5,"column":19}},"loc":{"start":{"line":5,"column":31},"end":{"line":16,"column":1}},"line":5},"1":{"name":"(anonymous_1)","decl":{"start":{"line":18,"column":20},"end":{"line":18,"column":21}},"loc":{"start":{"line":18,"column":30},"end":{"line":21,"column":1}},"line":18},"2":{"name":"(anonymous_2)","decl":{"start":{"line":20,"column":29},"end":{"line":20,"column":30}},"loc":{"start":{"line":20,"column":38},"end":{"line":20,"column":53}},"line":20}},"branchMap":{"0":{"loc":{"start":{"line":8,"column":8},"end":{"line":13,"column":9}},"type":"if","locations":[{"start":{"line":8,"column":8},"end":{"line":13,"column":9}},{"start":{},"end":{}}],"line":8},"1":{"loc":{"start":{"line":8,"column":12},"end":{"line":8,"column":53}},"type":"binary-expr","locations":[{"start":{"line":8,"column":12},"end":{"line":8,"column":28}},{"start":{"line":8,"column":32},"end":{"line":8,"column":53}}],"line":8},"2":{"loc":{"start":{"line":9,"column":12},"end":{"line":11,"column":13}},"type":"if","locations":[{"start":{"line":9,"column":12},"end":{"line":11,"column":13}},{"start":{},"end":{}}],"line":9}},"s":{"0":1,"1":1,"2":1,"3":9,"4":9,"5":9,"6":24,"7":22,"8":1,"9":21,"10":8,"11":1,"12":1,"13":2,"14":3,"15":1,"16":1,"17":1},"f":{"0":9,"1":2,"2":3},"b":{"0":[22,2],"1":[24,23],"2":[1,21]},"_coverageSchema":"1a1c01bbd47fc00a2c39e90264f33305004495a9","hash":"03d0f4504e043e4048df592816826256baa002bf"}
,"C:\\Users\\roche\\Desktop\\PROGRAMACION_ROCHE\\1. ITACADEMY\\SPRINT_3\\dist\\hello-world.js": {"path":"C:\\Users\\roche\\Desktop\\PROGRAMACION_ROCHE\\1. ITACADEMY\\SPRINT_3\\dist\\hello-world.js","statementMap":{"0":{"start":{"line":2,"column":0},"end":{"line":2,"column":62}},"1":{"start":{"line":3,"column":0},"end":{"line":3,"column":21}},"2":{"start":{"line":4,"column":12},"end":{"line":12,"column":1}},"3":{"start":{"line":5,"column":4},"end":{"line":7,"column":5}},"4":{"start":{"line":6,"column":8},"end":{"line":6,"column":44}},"5":{"start":{"line":8,"column":4},"end":{"line":10,"column":5}},"6":{"start":{"line":9,"column":8},"end":{"line":9,"column":69}},"7":{"start":{"line":11,"column":4},"end":{"line":11,"column":31}},"8":{"start":{"line":13,"column":0},"end":{"line":13,"column":18}},"9":{"start":{"line":14,"column":0},"end":{"line":14,"column":32}}},"fnMap":{"0":{"name":"(anonymous_0)","decl":{"start":{"line":4,"column":12},"end":{"line":4,"column":13}},"loc":{"start":{"line":4,"column":25},"end":{"line":12,"column":1}},"line":4}},"branchMap":{"0":{"loc":{"start":{"line":5,"column":4},"end":{"line":7,"column":5}},"type":"if","locations":[{"start":{"line":5,"column":4},"end":{"line":7,"column":5}},{"start":{},"end":{}}],"line":5},"1":{"loc":{"start":{"line":8,"column":4},"end":{"line":10,"column":5}},"type":"if","locations":[{"start":{"line":8,"column":4},"end":{"line":10,"column":5}},{"start":{},"end":{}}],"line":8}},"s":{"0":1,"1":1,"2":1,"3":4,"4":1,"5":3,"6":1,"7":2,"8":1,"9":1},"f":{"0":4},"b":{"0":[1,3],"1":[1,2]},"_coverageSchema":"1a1c01bbd47fc00a2c39e90264f33305004495a9","hash":"ce654586b87607448750179918c1796c59a36d24"}
,"C:\\Users\\roche\\Desktop\\PROGRAMACION_ROCHE\\1. ITACADEMY\\SPRINT_3\\dist\\my-first-io.js": {"path":"C:\\Users\\roche\\Desktop\\PROGRAMACION_ROCHE\\1. ITACADEMY\\SPRINT_3\\dist\\my-first-io.js","statementMap":{"0":{"start":{"line":2,"column":22},"end":{"line":4,"column":1}},"1":{"start":{"line":3,"column":4},"end":{"line":3,"column":62}},"2":{"start":{"line":5,"column":0},"end":{"line":5,"column":62}},"3":{"start":{"line":6,"column":13},"end":{"line":6,"column":43}},"4":{"start":{"line":7,"column":19},"end":{"line":11,"column":1}},"5":{"start":{"line":8,"column":21},"end":{"line":8,"column":56}},"6":{"start":{"line":9,"column":18},"end":{"line":9,"column":60}},"7":{"start":{"line":10,"column":4},"end":{"line":10,"column":17}},"8":{"start":{"line":12,"column":17},"end":{"line":12,"column":32}},"9":{"start":{"line":13,"column":0},"end":{"line":13,"column":34}},"10":{"start":{"line":14,"column":0},"end":{"line":14,"column":29}}},"fnMap":{"0":{"name":"(anonymous_0)","decl":{"start":{"line":2,"column":56},"end":{"line":2,"column":57}},"loc":{"start":{"line":2,"column":71},"end":{"line":4,"column":1}},"line":2},"1":{"name":"(anonymous_1)","decl":{"start":{"line":7,"column":19},"end":{"line":7,"column":20}},"loc":{"start":{"line":7,"column":33},"end":{"line":11,"column":1}},"line":7}},"branchMap":{"0":{"loc":{"start":{"line":2,"column":22},"end":{"line":4,"column":1}},"type":"binary-expr","locations":[{"start":{"line":2,"column":23},"end":{"line":2,"column":27}},{"start":{"line":2,"column":31},"end":{"line":2,"column":51}},{"start":{"line":2,"column":56},"end":{"line":4,"column":1}}],"line":2},"1":{"loc":{"start":{"line":3,"column":11},"end":{"line":3,"column":61}},"type":"cond-expr","locations":[{"start":{"line":3,"column":37},"end":{"line":3,"column":40}},{"start":{"line":3,"column":43},"end":{"line":3,"column":61}}],"line":3},"2":{"loc":{"start":{"line":3,"column":12},"end":{"line":3,"column":33}},"type":"binary-expr","locations":[{"start":{"line":3,"column":12},"end":{"line":3,"column":15}},{"start":{"line":3,"column":19},"end":{"line":3,"column":33}}],"line":3}},"s":{"0":1,"1":1,"2":1,"3":1,"4":1,"5":3,"6":3,"7":3,"8":1,"9":1,"10":1},"f":{"0":1,"1":3},"b":{"0":[1,0,1],"1":[0,1],"2":[1,1]},"_coverageSchema":"1a1c01bbd47fc00a2c39e90264f33305004495a9","hash":"89475bff5ebd4781a87b2195d012965d0bf8be5d"}
,"C:\\Users\\roche\\Desktop\\PROGRAMACION_ROCHE\\1. ITACADEMY\\SPRINT_3\\src\\baby-steps.ts": {"path":"C:\\Users\\roche\\Desktop\\PROGRAMACION_ROCHE\\1. ITACADEMY\\SPRINT_3\\src\\baby-steps.ts","statementMap":{"0":{"start":{"line":2,"column":25},"end":{"line":13,"column":1}},"1":{"start":{"line":3,"column":26},"end":{"line":3,"column":27}},"2":{"start":{"line":4,"column":2},"end":{"line":11,"column":null}},"3":{"start":{"line":4,"column":15},"end":{"line":4,"column":16}},"4":{"start":{"line":5,"column":4},"end":{"line":10,"column":null}},"5":{"start":{"line":6,"column":6},"end":{"line":8,"column":null}},"6":{"start":{"line":7,"column":8},"end":{"line":7,"column":53}},"7":{"start":{"line":9,"column":6},"end":{"line":9,"column":37}},"8":{"start":{"line":12,"column":2},"end":{"line":12,"column":19}},"9":{"start":{"line":2,"column":13},"end":{"line":2,"column":25}},"10":{"start":{"line":15,"column":27},"end":{"line":18,"column":1}},"11":{"start":{"line":17,"column":2},"end":{"line":17,"column":53}},"12":{"start":{"line":17,"column":36},"end":{"line":17,"column":51}},"13":{"start":{"line":15,"column":13},"end":{"line":15,"column":27}},"14":{"start":{"line":20,"column":23},"end":{"line":20,"column":48}},"15":{"start":{"line":22,"column":0},"end":{"line":22,"column":32}}},"fnMap":{"0":{"name":"(anonymous_0)","decl":{"start":{"line":2,"column":25},"end":{"line":2,"column":26}},"loc":{"start":{"line":2,"column":76},"end":{"line":13,"column":1}}},"1":{"name":"(anonymous_1)","decl":{"start":{"line":15,"column":27},"end":{"line":15,"column":28}},"loc":{"start":{"line":15,"column":56},"end":{"line":18,"column":1}}},"2":{"name":"(anonymous_2)","decl":{"start":{"line":17,"column":27},"end":{"line":17,"column":28}},"loc":{"start":{"line":17,"column":36},"end":{"line":17,"column":51}}}},"branchMap":{"0":{"loc":{"start":{"line":5,"column":4},"end":{"line":10,"column":null}},"type":"if","locations":[{"start":{"line":5,"column":4},"end":{"line":10,"column":null}}]},"1":{"loc":{"start":{"line":5,"column":8},"end":{"line":5,"column":49}},"type":"binary-expr","locations":[{"start":{"line":5,"column":8},"end":{"line":5,"column":24}},{"start":{"line":5,"column":28},"end":{"line":5,"column":49}}]},"2":{"loc":{"start":{"line":6,"column":6},"end":{"line":8,"column":null}},"type":"if","locations":[{"start":{"line":6,"column":6},"end":{"line":8,"column":null}}]}},"s":{"0":1,"1":9,"2":9,"3":9,"4":24,"5":22,"6":1,"7":21,"8":8,"9":1,"10":1,"11":2,"12":3,"13":1,"14":1,"15":1},"f":{"0":9,"1":2,"2":3},"b":{"0":[22],"1":[24,23],"2":[1]}}
,"C:\\Users\\roche\\Desktop\\PROGRAMACION_ROCHE\\1. ITACADEMY\\SPRINT_3\\src\\hello-world.ts": {"path":"C:\\Users\\roche\\Desktop\\PROGRAMACION_ROCHE\\1. ITACADEMY\\SPRINT_3\\src\\hello-world.ts","statementMap":{"0":{"start":{"line":1,"column":19},"end":{"line":10,"column":1}},"1":{"start":{"line":2,"column":2},"end":{"line":4,"column":null}},"2":{"start":{"line":3,"column":4},"end":{"line":3,"column":40}},"3":{"start":{"line":6,"column":2},"end":{"line":8,"column":null}},"4":{"start":{"line":7,"column":4},"end":{"line":7,"column":65}},"5":{"start":{"line":9,"column":2},"end":{"line":9,"column":29}},"6":{"start":{"line":1,"column":13},"end":{"line":1,"column":19}},"7":{"start":{"line":12,"column":0},"end":{"line":12,"column":19}}},"fnMap":{"0":{"name":"(anonymous_0)","decl":{"start":{"line":1,"column":19},"end":{"line":1,"column":20}},"loc":{"start":{"line":1,"column":45},"end":{"line":10,"column":1}}}},"branchMap":{"0":{"loc":{"start":{"line":2,"column":2},"end":{"line":4,"column":null}},"type":"if","locations":[{"start":{"line":2,"column":2},"end":{"line":4,"column":null}}]},"1":{"loc":{"start":{"line":6,"column":2},"end":{"line":8,"column":null}},"type":"if","locations":[{"start":{"line":6,"column":2},"end":{"line":8,"column":null}}]}},"s":{"0":1,"1":4,"2":1,"3":3,"4":1,"5":2,"6":1,"7":1},"f":{"0":4},"b":{"0":[1],"1":[1]}}
,"C:\\Users\\roche\\Desktop\\PROGRAMACION_ROCHE\\1. ITACADEMY\\SPRINT_3\\src\\my-first-io.ts": {"path":"C:\\Users\\roche\\Desktop\\PROGRAMACION_ROCHE\\1. ITACADEMY\\SPRINT_3\\src\\my-first-io.ts","statementMap":{"0":{"start":{"line":1,"column":0},"end":{"line":1,"column":20}},"1":{"start":{"line":3,"column":19},"end":{"line":7,"column":1}},"2":{"start":{"line":4,"column":19},"end":{"line":4,"column":44}},"3":{"start":{"line":5,"column":16},"end":{"line":5,"column":58}},"4":{"start":{"line":6,"column":2},"end":{"line":6,"column":15}},"5":{"start":{"line":8,"column":17},"end":{"line":8,"column":32}},"6":{"start":{"line":9,"column":0},"end":{"line":9,"column":34}},"7":{"start":{"line":11,"column":0},"end":{"line":11,"column":26}}},"fnMap":{"0":{"name":"(anonymous_1)","decl":{"start":{"line":3,"column":19},"end":{"line":3,"column":20}},"loc":{"start":{"line":3,"column":48},"end":{"line":7,"column":1}}}},"branchMap":{},"s":{"0":1,"1":1,"2":3,"3":3,"4":3,"5":1,"6":1,"7":1},"f":{"0":3},"b":{}}
}
