TN:
SF:dist\baby-steps.js
FN:5,(anonymous_0)
FN:18,(anonymous_1)
FN:20,(anonymous_2)
FNF:3
FNH:3
FNDA:9,(anonymous_0)
FNDA:2,(anonymous_1)
FNDA:3,(anonymous_2)
DA:2,1
DA:3,1
DA:5,1
DA:6,9
DA:7,9
DA:8,24
DA:9,22
DA:10,1
DA:12,21
DA:15,8
DA:17,1
DA:18,1
DA:20,3
DA:22,1
DA:23,1
DA:24,1
LF:16
LH:16
BRDA:8,0,0,22
BRDA:8,0,1,2
BRDA:8,1,0,24
BRDA:8,1,1,23
BRDA:9,2,0,1
BRDA:9,2,1,21
BRF:6
BRH:6
end_of_record
TN:
SF:dist\hello-world.js
FN:4,(anonymous_0)
FNF:1
FNH:1
FNDA:4,(anonymous_0)
DA:2,1
DA:3,1
DA:4,1
DA:5,4
DA:6,1
DA:8,3
DA:9,1
DA:11,2
DA:13,1
DA:14,1
LF:10
LH:10
BRDA:5,0,0,1
BRDA:5,0,1,3
BRDA:8,1,0,1
BRDA:8,1,1,2
BRF:4
BRH:4
end_of_record
TN:
SF:dist\my-first-io.js
FN:2,(anonymous_0)
FN:7,(anonymous_1)
FNF:2
FNH:2
FNDA:1,(anonymous_0)
FNDA:3,(anonymous_1)
DA:2,1
DA:3,1
DA:5,1
DA:6,1
DA:7,1
DA:8,3
DA:9,3
DA:10,3
DA:12,1
DA:13,1
DA:14,1
LF:11
LH:11
BRDA:2,0,0,1
BRDA:2,0,1,0
BRDA:2,0,2,1
BRDA:3,1,0,0
BRDA:3,1,1,1
BRDA:3,2,0,1
BRDA:3,2,1,1
BRF:7
BRH:5
end_of_record
TN:
SF:src\baby-steps.ts
FN:2,(anonymous_0)
FN:15,(anonymous_1)
FN:17,(anonymous_2)
FNF:3
FNH:3
FNDA:9,(anonymous_0)
FNDA:2,(anonymous_1)
FNDA:3,(anonymous_2)
DA:2,1
DA:3,9
DA:4,9
DA:5,24
DA:6,22
DA:7,1
DA:9,21
DA:12,8
DA:15,1
DA:17,3
DA:20,1
DA:22,1
LF:12
LH:12
BRDA:5,0,0,22
BRDA:5,1,0,24
BRDA:5,1,1,23
BRDA:6,2,0,1
BRF:4
BRH:4
end_of_record
TN:
SF:src\hello-world.ts
FN:1,(anonymous_0)
FNF:1
FNH:1
FNDA:4,(anonymous_0)
DA:1,1
DA:2,4
DA:3,1
DA:6,3
DA:7,1
DA:9,2
DA:12,1
LF:7
LH:7
BRDA:2,0,0,1
BRDA:6,1,0,1
BRF:2
BRH:2
end_of_record
TN:
SF:src\my-first-io.ts
FN:3,(anonymous_1)
FNF:1
FNH:1
FNDA:3,(anonymous_1)
DA:1,1
DA:3,1
DA:4,3
DA:5,3
DA:6,3
DA:8,1
DA:9,1
DA:11,1
LF:8
LH:8
BRF:0
BRH:0
end_of_record
