TN:
SF:dist\baby-steps.js
FN:5,(anonymous_0)
FN:22,(anonymous_1)
FN:24,(anonymous_2)
FNF:3
FNH:3
FNDA:9,(anonymous_0)
FNDA:2,(anonymous_1)
FNDA:3,(anonymous_2)
DA:2,1
DA:3,1
DA:5,1
DA:6,9
DA:7,9
DA:8,24
DA:10,9
DA:11,9
DA:12,24
DA:13,22
DA:14,1
DA:16,21
DA:19,8
DA:21,1
DA:22,1
DA:24,3
DA:26,1
DA:27,1
DA:28,1
LF:19
LH:19
BRDA:12,0,0,22
BRDA:12,0,1,2
BRDA:12,1,0,24
BRDA:12,1,1,23
BRDA:13,2,0,1
BRDA:13,2,1,21
BRF:6
BRH:6
end_of_record
TN:
SF:dist\hello-world.js
FN:4,(anonymous_0)
FNF:1
FNH:1
FNDA:4,(anonymous_0)
DA:2,1
DA:3,1
DA:4,1
DA:5,4
DA:6,1
DA:8,3
DA:9,1
DA:11,2
DA:13,1
DA:14,1
LF:10
LH:10
BRDA:5,0,0,1
BRDA:5,0,1,3
BRDA:8,1,0,1
BRDA:8,1,1,2
BRF:4
BRH:4
end_of_record
TN:
SF:src\baby-steps.ts
FN:2,(anonymous_0)
FN:15,(anonymous_1)
FN:17,(anonymous_2)
FNF:3
FNH:3
FNDA:9,(anonymous_0)
FNDA:2,(anonymous_1)
FNDA:3,(anonymous_2)
DA:2,42
DA:3,9
DA:4,9
DA:5,24
DA:6,22
DA:7,1
DA:9,21
DA:12,8
DA:15,1
DA:17,3
DA:20,1
DA:22,1
LF:12
LH:12
BRDA:5,0,0,22
BRDA:5,1,0,24
BRDA:5,1,1,23
BRDA:6,2,0,1
BRF:4
BRH:4
end_of_record
TN:
SF:src\hello-world.ts
FN:1,(anonymous_0)
FNF:1
FNH:1
FNDA:4,(anonymous_0)
DA:1,1
DA:2,4
DA:3,1
DA:6,3
DA:7,1
DA:9,2
DA:12,1
LF:7
LH:7
BRDA:2,0,0,1
BRDA:6,1,0,1
BRF:2
BRH:2
end_of_record
